srun: Job step aborted: Waiting up to 32 seconds for job step to finish.
srun: got SIGCONT
slurmstepd: error: *** STEP 13116.0 ON compute13 CANCELLED AT 2023-03-26T23:14:05 ***
slurmstepd: error: *** JOB 13116 ON compute13 CANCELLED AT 2023-03-26T23:14:05 ***
srun: forcing job termination
